#-----------------------------------------------------------
# Vivado v2018.1 (64-bit)
# SW Build 2188600 on Wed Apr  4 18:40:38 MDT 2018
# IP Build 2185939 on Wed Apr  4 20:55:05 MDT 2018
# Start of session at: Tue Sep 24 11:17:34 2024
# Process ID: 7652
# Current directory: C:/Disco1/MyS/Repositorio_IP/led_ip/ip_repo
# Command line: vivado.exe -gui_launcher_event rodinguilauncherevent19592 C:\Disco1\MyS\Repositorio_IP\led_ip\ip_repo\edit_led_ip_v1_0.xpr
# Log file: C:/Disco1/MyS/Repositorio_IP/led_ip/ip_repo/vivado.log
# Journal file: C:/Disco1/MyS/Repositorio_IP/led_ip/ip_repo\vivado.jou
#-----------------------------------------------------------
start_gui
open_project C:/Disco1/MyS/Repositorio_IP/led_ip/ip_repo/edit_led_ip_v1_0.xpr
Scanning sources...
Finished scanning sources
INFO: [IP_Flow 19-234] Refreshing IP repositories
INFO: [IP_Flow 19-1700] Loaded user IP repository 'c:/Disco1/MyS/Repositorio_IP/led_ip/ip_repo/led_ip_1.0'.
INFO: [IP_Flow 19-2313] Loaded Vivado IP repository 'C:/Xilinx/Vivado/2018.1/data/ip'.
update_compile_order -fileset sources_1
exit
INFO: [Common 17-206] Exiting Vivado at Tue Sep 24 11:18:07 2024...
