15:54:35 INFO  : Registering command handlers for SDK TCF services
15:54:35 INFO  : Launching XSCT server: xsct.bat -interactive C:\Disco1\RepositoriosGitHub\ProyectoMyS\Sistema_pwmModule_ip\Sintesis\Sistema_pwmModule_ip.sdk\temp_xsdb_launch_script.tcl
15:54:37 INFO  : XSCT server has started successfully.
15:54:37 INFO  : Successfully done setting XSCT server connection channel  
15:54:38 INFO  : Successfully done setting SDK workspace  
15:54:38 INFO  : Processing command line option -hwspec C:/Disco1/RepositoriosGitHub/ProyectoMyS/Sistema_pwmModule_ip/Sintesis/Sistema_pwmModule_ip.sdk/sistema_pwmModule_wrapper.hdf.
16:17:29 INFO  : Connected to target on host '127.0.0.1' and port '3121'.
16:17:29 INFO  : 'targets -set -filter {jtag_cable_name =~ "Digilent Arty Z7 003017B7EE4BA" && level==0} -index 1' command is executed.
16:17:30 INFO  : FPGA configured successfully with bitstream "C:/Disco1/RepositoriosGitHub/ProyectoMyS/Sistema_pwmModule_ip/Sintesis/Sistema_pwmModule_ip.sdk/sistema_pwmModule_wrapper_hw_platform_0/sistema_pwmModule_wrapper.bit"
16:17:50 INFO  : 'targets -set -filter {jtag_cable_name =~ "Digilent Arty Z7 003017B7EE4BA" && level==0} -index 1' command is executed.
16:17:50 INFO  : 'fpga -state' command is executed.
16:17:50 INFO  : Connected to target on host '127.0.0.1' and port '3121'.
16:17:50 INFO  : Jtag cable 'Digilent Arty Z7 003017B7EE4BA' is selected.
16:17:50 INFO  : 'jtag frequency' command is executed.
16:17:50 INFO  : Sourcing of 'C:/Disco1/RepositoriosGitHub/ProyectoMyS/Sistema_pwmModule_ip/Sintesis/Sistema_pwmModule_ip.sdk/sistema_pwmModule_wrapper_hw_platform_0/ps7_init.tcl' is done.
16:17:50 INFO  : Context for 'APU' is selected.
16:17:50 INFO  : Hardware design information is loaded from 'C:/Disco1/RepositoriosGitHub/ProyectoMyS/Sistema_pwmModule_ip/Sintesis/Sistema_pwmModule_ip.sdk/sistema_pwmModule_wrapper_hw_platform_0/system.hdf'.
16:17:50 INFO  : 'configparams force-mem-access 1' command is executed.
16:17:50 INFO  : Context for 'APU' is selected.
16:17:50 INFO  : 'stop' command is executed.
16:17:50 INFO  : 'ps7_init' command is executed.
16:17:50 INFO  : 'ps7_post_config' command is executed.
16:17:50 INFO  : Context for processor 'ps7_cortexa9_0' is selected.
16:17:50 INFO  : Processor reset is completed for 'ps7_cortexa9_0'.
16:17:50 INFO  : Context for processor 'ps7_cortexa9_0' is selected.
16:17:51 INFO  : The application 'C:/Disco1/RepositoriosGitHub/ProyectoMyS/Sistema_pwmModule_ip/Sintesis/Sistema_pwmModule_ip.sdk/pwm/Debug/pwm.elf' is downloaded to processor 'ps7_cortexa9_0'.
16:17:51 INFO  : 'configparams force-mem-access 0' command is executed.
16:17:51 INFO  : ----------------XSDB Script----------------
connect -url tcp:127.0.0.1:3121
source C:/Disco1/RepositoriosGitHub/ProyectoMyS/Sistema_pwmModule_ip/Sintesis/Sistema_pwmModule_ip.sdk/sistema_pwmModule_wrapper_hw_platform_0/ps7_init.tcl
targets -set -nocase -filter {name =~"APU*" && jtag_cable_name =~ "Digilent Arty Z7 003017B7EE4BA"} -index 0
loadhw -hw C:/Disco1/RepositoriosGitHub/ProyectoMyS/Sistema_pwmModule_ip/Sintesis/Sistema_pwmModule_ip.sdk/sistema_pwmModule_wrapper_hw_platform_0/system.hdf -mem-ranges [list {0x40000000 0xbfffffff}]
configparams force-mem-access 1
targets -set -nocase -filter {name =~"APU*" && jtag_cable_name =~ "Digilent Arty Z7 003017B7EE4BA"} -index 0
stop
ps7_init
ps7_post_config
targets -set -nocase -filter {name =~ "ARM*#0" && jtag_cable_name =~ "Digilent Arty Z7 003017B7EE4BA"} -index 0
rst -processor
targets -set -nocase -filter {name =~ "ARM*#0" && jtag_cable_name =~ "Digilent Arty Z7 003017B7EE4BA"} -index 0
dow C:/Disco1/RepositoriosGitHub/ProyectoMyS/Sistema_pwmModule_ip/Sintesis/Sistema_pwmModule_ip.sdk/pwm/Debug/pwm.elf
configparams force-mem-access 0
----------------End of Script----------------

16:17:51 INFO  : Context for processor 'ps7_cortexa9_0' is selected.
16:17:51 INFO  : 'con' command is executed.
16:17:51 INFO  : ----------------XSDB Script (After Launch)----------------
targets -set -nocase -filter {name =~ "ARM*#0" && jtag_cable_name =~ "Digilent Arty Z7 003017B7EE4BA"} -index 0
con
----------------End of Script----------------

16:17:51 INFO  : Disconnected from the channel tcfchan#1.
16:23:50 INFO  : Connected to target on host '127.0.0.1' and port '3121'.
16:23:50 INFO  : 'targets -set -filter {jtag_cable_name =~ "Digilent Arty Z7 003017B7EE4BA" && level==0} -index 1' command is executed.
16:23:51 INFO  : FPGA configured successfully with bitstream "C:/Disco1/RepositoriosGitHub/ProyectoMyS/Sistema_pwmModule_ip/Sintesis/Sistema_pwmModule_ip.sdk/sistema_pwmModule_wrapper_hw_platform_0/sistema_pwmModule_wrapper.bit"
16:24:05 INFO  : 'targets -set -filter {jtag_cable_name =~ "Digilent Arty Z7 003017B7EE4BA" && level==0} -index 1' command is executed.
16:24:05 INFO  : 'fpga -state' command is executed.
16:24:05 INFO  : Connected to target on host '127.0.0.1' and port '3121'.
16:24:05 INFO  : Jtag cable 'Digilent Arty Z7 003017B7EE4BA' is selected.
16:24:05 INFO  : 'jtag frequency' command is executed.
16:24:05 INFO  : Sourcing of 'C:/Disco1/RepositoriosGitHub/ProyectoMyS/Sistema_pwmModule_ip/Sintesis/Sistema_pwmModule_ip.sdk/sistema_pwmModule_wrapper_hw_platform_0/ps7_init.tcl' is done.
16:24:05 INFO  : Context for 'APU' is selected.
16:24:05 INFO  : Hardware design information is loaded from 'C:/Disco1/RepositoriosGitHub/ProyectoMyS/Sistema_pwmModule_ip/Sintesis/Sistema_pwmModule_ip.sdk/sistema_pwmModule_wrapper_hw_platform_0/system.hdf'.
16:24:05 INFO  : 'configparams force-mem-access 1' command is executed.
16:24:05 INFO  : Context for 'APU' is selected.
16:24:06 INFO  : 'stop' command is executed.
16:24:06 INFO  : 'ps7_init' command is executed.
16:24:06 INFO  : 'ps7_post_config' command is executed.
16:24:06 INFO  : Context for processor 'ps7_cortexa9_0' is selected.
16:24:06 INFO  : Processor reset is completed for 'ps7_cortexa9_0'.
16:24:06 INFO  : Context for processor 'ps7_cortexa9_0' is selected.
16:24:06 INFO  : The application 'C:/Disco1/RepositoriosGitHub/ProyectoMyS/Sistema_pwmModule_ip/Sintesis/Sistema_pwmModule_ip.sdk/pwm/Debug/pwm.elf' is downloaded to processor 'ps7_cortexa9_0'.
16:24:06 INFO  : 'configparams force-mem-access 0' command is executed.
16:24:06 INFO  : ----------------XSDB Script----------------
connect -url tcp:127.0.0.1:3121
source C:/Disco1/RepositoriosGitHub/ProyectoMyS/Sistema_pwmModule_ip/Sintesis/Sistema_pwmModule_ip.sdk/sistema_pwmModule_wrapper_hw_platform_0/ps7_init.tcl
targets -set -nocase -filter {name =~"APU*" && jtag_cable_name =~ "Digilent Arty Z7 003017B7EE4BA"} -index 0
loadhw -hw C:/Disco1/RepositoriosGitHub/ProyectoMyS/Sistema_pwmModule_ip/Sintesis/Sistema_pwmModule_ip.sdk/sistema_pwmModule_wrapper_hw_platform_0/system.hdf -mem-ranges [list {0x40000000 0xbfffffff}]
configparams force-mem-access 1
targets -set -nocase -filter {name =~"APU*" && jtag_cable_name =~ "Digilent Arty Z7 003017B7EE4BA"} -index 0
stop
ps7_init
ps7_post_config
targets -set -nocase -filter {name =~ "ARM*#0" && jtag_cable_name =~ "Digilent Arty Z7 003017B7EE4BA"} -index 0
rst -processor
targets -set -nocase -filter {name =~ "ARM*#0" && jtag_cable_name =~ "Digilent Arty Z7 003017B7EE4BA"} -index 0
dow C:/Disco1/RepositoriosGitHub/ProyectoMyS/Sistema_pwmModule_ip/Sintesis/Sistema_pwmModule_ip.sdk/pwm/Debug/pwm.elf
configparams force-mem-access 0
----------------End of Script----------------

16:24:06 INFO  : Context for processor 'ps7_cortexa9_0' is selected.
16:24:06 INFO  : 'con' command is executed.
16:24:06 INFO  : ----------------XSDB Script (After Launch)----------------
targets -set -nocase -filter {name =~ "ARM*#0" && jtag_cable_name =~ "Digilent Arty Z7 003017B7EE4BA"} -index 0
con
----------------End of Script----------------

16:24:06 INFO  : Disconnected from the channel tcfchan#2.
