#-----------------------------------------------------------
# Vivado v2018.1 (64-bit)
# SW Build 2188600 on Wed Apr  4 18:40:38 MDT 2018
# IP Build 2185939 on Wed Apr  4 20:55:05 MDT 2018
# Start of session at: Tue Oct  8 09:17:05 2024
# Process ID: 8756
# Current directory: C:/Disco1/MyS/Repositorio_IP/led_ip/managed_ip_project
# Command line: vivado.exe -gui_launcher_event rodinguilauncherevent15184 C:\Disco1\MyS\Repositorio_IP\led_ip\managed_ip_project\managed_ip_project.xpr
# Log file: C:/Disco1/MyS/Repositorio_IP/led_ip/managed_ip_project/vivado.log
# Journal file: C:/Disco1/MyS/Repositorio_IP/led_ip/managed_ip_project\vivado.jou
#-----------------------------------------------------------
start_gui
open_project C:/Disco1/MyS/Repositorio_IP/led_ip/managed_ip_project/managed_ip_project.xpr
Scanning sources...
Finished scanning sources
INFO: [IP_Flow 19-234] Refreshing IP repositories
INFO: [IP_Flow 19-1700] Loaded user IP repository 'c:/Disco1/MyS/Repositorio_IP/led_ip/ip_repo/led_ip_1.0'.
INFO: [IP_Flow 19-2313] Loaded Vivado IP repository 'C:/Xilinx/Vivado/2018.1/data/ip'.
open_project: Time (s): cpu = 00:00:03 ; elapsed = 00:00:08 . Memory (MB): peak = 768.539 ; gain = 61.090
ipx::edit_ip_in_project -upgrade true -name led_ip_v1_0_project -directory C:/Disco1/MyS/Repositorio_IP/led_ip/managed_ip_project/managed_ip_project.tmp/led_ip_v1_0_project c:/Disco1/MyS/Repositorio_IP/led_ip/ip_repo/led_ip_1.0/component.xml
INFO: [ProjectBase 1-489] The host OS only allows 260 characters in a normal path. The project is stored in a path with more than 80 characters. If you experience issues with IP, Block Designs, or files not being found, please consider moving the project to a location with a shorter path. Alternately consider using the OS subst command to map part of the path to a drive letter.
Current project path is 'c:/disco1/mys/repositorio_ip/led_ip/managed_ip_project/managed_ip_project.tmp/led_ip_v1_0_project'
INFO: [IP_Flow 19-234] Refreshing IP repositories
INFO: [IP_Flow 19-1704] No user IP repositories specified
INFO: [IP_Flow 19-2313] Loaded Vivado IP repository 'C:/Xilinx/Vivado/2018.1/data/ip'.
create_project: Time (s): cpu = 00:00:06 ; elapsed = 00:00:06 . Memory (MB): peak = 822.699 ; gain = 45.344
INFO: [IP_Flow 19-234] Refreshing IP repositories
INFO: [IP_Flow 19-1700] Loaded user IP repository 'c:/Disco1/MyS/Repositorio_IP/led_ip/ip_repo/led_ip_1.0'.
INFO: [IP_Flow 19-795] Syncing license key meta-data
ipx::edit_ip_in_project: Time (s): cpu = 00:00:10 ; elapsed = 00:00:08 . Memory (MB): peak = 822.699 ; gain = 45.344
update_compile_order -fileset sources_1
close_project
exit
INFO: [Common 17-206] Exiting Vivado at Tue Oct  8 09:23:14 2024...
