#-----------------------------------------------------------
# Vivado v2018.1 (64-bit)
# SW Build 2188600 on Wed Apr  4 18:40:38 MDT 2018
# IP Build 2185939 on Wed Apr  4 20:55:05 MDT 2018
# Start of session at: Tue Oct  8 09:56:58 2024
# Process ID: 21772
# Current directory: C:/Disco1/MyS/Repositorio_IP/led1_ip/managed_ip_project
# Command line: vivado.exe -gui_launcher_event rodinguilauncherevent8628 C:\Disco1\MyS\Repositorio_IP\led1_ip\managed_ip_project\managed_ip_project.xpr
# Log file: C:/Disco1/MyS/Repositorio_IP/led1_ip/managed_ip_project/vivado.log
# Journal file: C:/Disco1/MyS/Repositorio_IP/led1_ip/managed_ip_project\vivado.jou
#-----------------------------------------------------------
start_gui
open_project C:/Disco1/MyS/Repositorio_IP/led1_ip/managed_ip_project/managed_ip_project.xpr
INFO: [Project 1-313] Project file moved from 'C:/Disco1/MyS/Repositorio_IP/led_ip/managed_ip_project' since last save.
Scanning sources...
Finished scanning sources
INFO: [IP_Flow 19-234] Refreshing IP repositories
INFO: [IP_Flow 19-1700] Loaded user IP repository 'c:/Disco1/MyS/Repositorio_IP/led1_ip/ip_repo/led_ip_1.0'.
INFO: [IP_Flow 19-2313] Loaded Vivado IP repository 'C:/Xilinx/Vivado/2018.1/data/ip'.
ipx::edit_ip_in_project -upgrade true -name led_ip_v1_0_project -directory C:/Disco1/MyS/Repositorio_IP/led1_ip/managed_ip_project/managed_ip_project.tmp/led_ip_v1_0_project c:/Disco1/MyS/Repositorio_IP/led1_ip/ip_repo/led_ip_1.0/component.xml
INFO: [ProjectBase 1-489] The host OS only allows 260 characters in a normal path. The project is stored in a path with more than 80 characters. If you experience issues with IP, Block Designs, or files not being found, please consider moving the project to a location with a shorter path. Alternately consider using the OS subst command to map part of the path to a drive letter.
Current project path is 'c:/disco1/mys/repositorio_ip/led1_ip/managed_ip_project/managed_ip_project.tmp/led_ip_v1_0_project'
INFO: [IP_Flow 19-234] Refreshing IP repositories
INFO: [IP_Flow 19-1704] No user IP repositories specified
INFO: [IP_Flow 19-2313] Loaded Vivado IP repository 'C:/Xilinx/Vivado/2018.1/data/ip'.
create_project: Time (s): cpu = 00:00:05 ; elapsed = 00:00:06 . Memory (MB): peak = 786.547 ; gain = 17.188
INFO: [IP_Flow 19-234] Refreshing IP repositories
INFO: [IP_Flow 19-1700] Loaded user IP repository 'c:/Disco1/MyS/Repositorio_IP/led1_ip/ip_repo/led_ip_1.0'.
INFO: [IP_Flow 19-795] Syncing license key meta-data
ipx::edit_ip_in_project: Time (s): cpu = 00:00:08 ; elapsed = 00:00:08 . Memory (MB): peak = 799.594 ; gain = 30.234
update_compile_order -fileset sources_1
launch_runs synth_1 -jobs 8
[Tue Oct  8 10:02:23 2024] Launched synth_1...
Run output will be captured here: c:/disco1/mys/repositorio_ip/led1_ip/managed_ip_project/managed_ip_project.tmp/led_ip_v1_0_project/led_ip_v1_0_project.runs/synth_1/runme.log
ipx::merge_project_changes files [ipx::current_core]
WARNING: [IP_Flow 19-5226] Project source file 'c:/Disco1/MyS/Repositorio_IP/led1_ip/ip_repo/led_ip_1.0/component.xml' ignored by IP packager.
ipx::merge_project_changes hdl_parameters [ipx::current_core]
WARNING: [IP_Flow 19-5226] Project source file 'c:/Disco1/MyS/Repositorio_IP/led1_ip/ip_repo/led_ip_1.0/component.xml' ignored by IP packager.
WARNING: [IP_Flow 19-4300] HDL parameter 'LED_WIDTH' has its value changed from '4' to '1'.
INFO: [IP_Flow 19-3166] Bus Interface 'S_AXI': References existing memory map 'S_AXI'.
set_property previous_version_for_upgrade xilinx.com:user:led_ip:1.0 [ipx::current_core]
set_property core_revision 1 [ipx::current_core]
ipx::create_xgui_files [ipx::current_core]
ipx::update_checksums [ipx::current_core]
ipx::save_core [ipx::current_core]
ipx::move_temp_component_back -component [ipx::current_core]
close_project -delete
update_ip_catalog -rebuild -repo_path c:/Disco1/MyS/Repositorio_IP/led1_ip/ip_repo/led_ip_1.0
INFO: [IP_Flow 19-725] Reloaded user IP repository 'c:/Disco1/MyS/Repositorio_IP/led1_ip/ip_repo/led_ip_1.0'
exit
INFO: [Common 17-206] Exiting Vivado at Tue Oct  8 10:07:20 2024...
