13:01:31 INFO  : Registering command handlers for SDK TCF services
13:01:32 INFO  : Launching XSCT server: xsct.bat -interactive C:\Disco1\RepositoriosGitHub\ProyectoMyS\Sistema_pwmModule_ip\Sintesis\sistema_pwmModule.sdk\temp_xsdb_launch_script.tcl
13:01:35 INFO  : XSCT server has started successfully.
13:01:38 INFO  : Successfully done setting XSCT server connection channel  
13:01:38 INFO  : Successfully done setting SDK workspace  
13:01:38 INFO  : Processing command line option -hwspec C:/Disco1/RepositoriosGitHub/ProyectoMyS/Sistema_pwmModule_ip/Sintesis/sistema_pwmModule.sdk/sistema_pwmModule_wrapper.hdf.
13:21:12 INFO  : Connected to target on host '127.0.0.1' and port '3121'.
13:21:12 INFO  : 'targets -set -filter {jtag_cable_name =~ "Digilent Arty Z7 003017B7EE4BA" && level==0} -index 1' command is executed.
13:21:13 INFO  : FPGA configured successfully with bitstream "C:/Disco1/RepositoriosGitHub/ProyectoMyS/Sistema_pwmModule_ip/Sintesis/sistema_pwmModule.sdk/sistema_pwmModule_wrapper_hw_platform_0/sistema_pwmModule_wrapper.bit"
13:21:39 INFO  : 'targets -set -filter {jtag_cable_name =~ "Digilent Arty Z7 003017B7EE4BA" && level==0} -index 1' command is executed.
13:21:39 INFO  : 'fpga -state' command is executed.
13:21:39 INFO  : Connected to target on host '127.0.0.1' and port '3121'.
13:21:39 INFO  : Jtag cable 'Digilent Arty Z7 003017B7EE4BA' is selected.
13:21:39 INFO  : 'jtag frequency' command is executed.
13:21:39 INFO  : Sourcing of 'C:/Disco1/RepositoriosGitHub/ProyectoMyS/Sistema_pwmModule_ip/Sintesis/sistema_pwmModule.sdk/sistema_pwmModule_wrapper_hw_platform_0/ps7_init.tcl' is done.
13:21:39 INFO  : Context for 'APU' is selected.
13:21:39 INFO  : Hardware design information is loaded from 'C:/Disco1/RepositoriosGitHub/ProyectoMyS/Sistema_pwmModule_ip/Sintesis/sistema_pwmModule.sdk/sistema_pwmModule_wrapper_hw_platform_0/system.hdf'.
13:21:39 INFO  : 'configparams force-mem-access 1' command is executed.
13:21:39 INFO  : Context for 'APU' is selected.
13:21:39 INFO  : 'stop' command is executed.
13:21:40 INFO  : 'ps7_init' command is executed.
13:21:40 INFO  : 'ps7_post_config' command is executed.
13:21:40 INFO  : Context for processor 'ps7_cortexa9_0' is selected.
13:21:40 INFO  : Processor reset is completed for 'ps7_cortexa9_0'.
13:21:40 INFO  : Context for processor 'ps7_cortexa9_0' is selected.
13:21:40 INFO  : The application 'C:/Disco1/RepositoriosGitHub/ProyectoMyS/Sistema_pwmModule_ip/Sintesis/sistema_pwmModule.sdk/pwm/Debug/pwm.elf' is downloaded to processor 'ps7_cortexa9_0'.
13:21:40 INFO  : 'configparams force-mem-access 0' command is executed.
13:21:40 INFO  : ----------------XSDB Script----------------
connect -url tcp:127.0.0.1:3121
source C:/Disco1/RepositoriosGitHub/ProyectoMyS/Sistema_pwmModule_ip/Sintesis/sistema_pwmModule.sdk/sistema_pwmModule_wrapper_hw_platform_0/ps7_init.tcl
targets -set -nocase -filter {name =~"APU*" && jtag_cable_name =~ "Digilent Arty Z7 003017B7EE4BA"} -index 0
loadhw -hw C:/Disco1/RepositoriosGitHub/ProyectoMyS/Sistema_pwmModule_ip/Sintesis/sistema_pwmModule.sdk/sistema_pwmModule_wrapper_hw_platform_0/system.hdf -mem-ranges [list {0x40000000 0xbfffffff}]
configparams force-mem-access 1
targets -set -nocase -filter {name =~"APU*" && jtag_cable_name =~ "Digilent Arty Z7 003017B7EE4BA"} -index 0
stop
ps7_init
ps7_post_config
targets -set -nocase -filter {name =~ "ARM*#0" && jtag_cable_name =~ "Digilent Arty Z7 003017B7EE4BA"} -index 0
rst -processor
targets -set -nocase -filter {name =~ "ARM*#0" && jtag_cable_name =~ "Digilent Arty Z7 003017B7EE4BA"} -index 0
dow C:/Disco1/RepositoriosGitHub/ProyectoMyS/Sistema_pwmModule_ip/Sintesis/sistema_pwmModule.sdk/pwm/Debug/pwm.elf
configparams force-mem-access 0
----------------End of Script----------------

13:21:40 INFO  : Context for processor 'ps7_cortexa9_0' is selected.
13:21:40 INFO  : 'con' command is executed.
13:21:40 INFO  : ----------------XSDB Script (After Launch)----------------
targets -set -nocase -filter {name =~ "ARM*#0" && jtag_cable_name =~ "Digilent Arty Z7 003017B7EE4BA"} -index 0
con
----------------End of Script----------------

13:21:40 INFO  : Disconnected from the channel tcfchan#1.
13:24:15 INFO  : Connected to target on host '127.0.0.1' and port '3121'.
13:24:15 INFO  : 'targets -set -filter {jtag_cable_name =~ "Digilent Arty Z7 003017B7EE4BA" && level==0} -index 1' command is executed.
13:24:16 INFO  : FPGA configured successfully with bitstream "C:/Disco1/RepositoriosGitHub/ProyectoMyS/Sistema_pwmModule_ip/Sintesis/sistema_pwmModule.sdk/sistema_pwmModule_wrapper_hw_platform_0/sistema_pwmModule_wrapper.bit"
13:24:33 INFO  : 'targets -set -filter {jtag_cable_name =~ "Digilent Arty Z7 003017B7EE4BA" && level==0} -index 1' command is executed.
13:24:33 INFO  : 'fpga -state' command is executed.
13:24:33 INFO  : Connected to target on host '127.0.0.1' and port '3121'.
13:24:33 INFO  : Jtag cable 'Digilent Arty Z7 003017B7EE4BA' is selected.
13:24:33 INFO  : 'jtag frequency' command is executed.
13:24:33 INFO  : Sourcing of 'C:/Disco1/RepositoriosGitHub/ProyectoMyS/Sistema_pwmModule_ip/Sintesis/sistema_pwmModule.sdk/sistema_pwmModule_wrapper_hw_platform_0/ps7_init.tcl' is done.
13:24:33 INFO  : Context for 'APU' is selected.
13:24:33 INFO  : Hardware design information is loaded from 'C:/Disco1/RepositoriosGitHub/ProyectoMyS/Sistema_pwmModule_ip/Sintesis/sistema_pwmModule.sdk/sistema_pwmModule_wrapper_hw_platform_0/system.hdf'.
13:24:33 INFO  : 'configparams force-mem-access 1' command is executed.
13:24:33 INFO  : Context for 'APU' is selected.
13:24:33 INFO  : 'stop' command is executed.
13:24:33 INFO  : 'ps7_init' command is executed.
13:24:33 INFO  : 'ps7_post_config' command is executed.
13:24:33 INFO  : Context for processor 'ps7_cortexa9_0' is selected.
13:24:34 INFO  : Processor reset is completed for 'ps7_cortexa9_0'.
13:24:34 INFO  : Context for processor 'ps7_cortexa9_0' is selected.
13:24:34 INFO  : The application 'C:/Disco1/RepositoriosGitHub/ProyectoMyS/Sistema_pwmModule_ip/Sintesis/sistema_pwmModule.sdk/pwm/Debug/pwm.elf' is downloaded to processor 'ps7_cortexa9_0'.
13:24:34 INFO  : 'configparams force-mem-access 0' command is executed.
13:24:34 INFO  : ----------------XSDB Script----------------
connect -url tcp:127.0.0.1:3121
source C:/Disco1/RepositoriosGitHub/ProyectoMyS/Sistema_pwmModule_ip/Sintesis/sistema_pwmModule.sdk/sistema_pwmModule_wrapper_hw_platform_0/ps7_init.tcl
targets -set -nocase -filter {name =~"APU*" && jtag_cable_name =~ "Digilent Arty Z7 003017B7EE4BA"} -index 0
loadhw -hw C:/Disco1/RepositoriosGitHub/ProyectoMyS/Sistema_pwmModule_ip/Sintesis/sistema_pwmModule.sdk/sistema_pwmModule_wrapper_hw_platform_0/system.hdf -mem-ranges [list {0x40000000 0xbfffffff}]
configparams force-mem-access 1
targets -set -nocase -filter {name =~"APU*" && jtag_cable_name =~ "Digilent Arty Z7 003017B7EE4BA"} -index 0
stop
ps7_init
ps7_post_config
targets -set -nocase -filter {name =~ "ARM*#0" && jtag_cable_name =~ "Digilent Arty Z7 003017B7EE4BA"} -index 0
rst -processor
targets -set -nocase -filter {name =~ "ARM*#0" && jtag_cable_name =~ "Digilent Arty Z7 003017B7EE4BA"} -index 0
dow C:/Disco1/RepositoriosGitHub/ProyectoMyS/Sistema_pwmModule_ip/Sintesis/sistema_pwmModule.sdk/pwm/Debug/pwm.elf
configparams force-mem-access 0
----------------End of Script----------------

13:24:34 INFO  : Context for processor 'ps7_cortexa9_0' is selected.
13:24:34 INFO  : 'con' command is executed.
13:24:34 INFO  : ----------------XSDB Script (After Launch)----------------
targets -set -nocase -filter {name =~ "ARM*#0" && jtag_cable_name =~ "Digilent Arty Z7 003017B7EE4BA"} -index 0
con
----------------End of Script----------------

13:24:34 INFO  : Disconnected from the channel tcfchan#2.
13:27:10 INFO  : Connected to target on host '127.0.0.1' and port '3121'.
13:27:10 INFO  : 'targets -set -filter {jtag_cable_name =~ "Digilent Arty Z7 003017B7EE4BA" && level==0} -index 1' command is executed.
13:27:12 INFO  : FPGA configured successfully with bitstream "C:/Disco1/RepositoriosGitHub/ProyectoMyS/Sistema_pwmModule_ip/Sintesis/sistema_pwmModule.sdk/sistema_pwmModule_wrapper_hw_platform_0/sistema_pwmModule_wrapper.bit"
13:27:23 INFO  : 'targets -set -filter {jtag_cable_name =~ "Digilent Arty Z7 003017B7EE4BA" && level==0} -index 1' command is executed.
13:27:23 INFO  : 'fpga -state' command is executed.
13:27:23 INFO  : Connected to target on host '127.0.0.1' and port '3121'.
13:27:23 INFO  : Jtag cable 'Digilent Arty Z7 003017B7EE4BA' is selected.
13:27:23 INFO  : 'jtag frequency' command is executed.
13:27:23 INFO  : Sourcing of 'C:/Disco1/RepositoriosGitHub/ProyectoMyS/Sistema_pwmModule_ip/Sintesis/sistema_pwmModule.sdk/sistema_pwmModule_wrapper_hw_platform_0/ps7_init.tcl' is done.
13:27:23 INFO  : Context for 'APU' is selected.
13:27:23 INFO  : Hardware design information is loaded from 'C:/Disco1/RepositoriosGitHub/ProyectoMyS/Sistema_pwmModule_ip/Sintesis/sistema_pwmModule.sdk/sistema_pwmModule_wrapper_hw_platform_0/system.hdf'.
13:27:23 INFO  : 'configparams force-mem-access 1' command is executed.
13:27:23 INFO  : Context for 'APU' is selected.
13:27:24 INFO  : 'stop' command is executed.
13:27:24 INFO  : 'ps7_init' command is executed.
13:27:24 INFO  : 'ps7_post_config' command is executed.
13:27:24 INFO  : Context for processor 'ps7_cortexa9_0' is selected.
13:27:24 INFO  : Processor reset is completed for 'ps7_cortexa9_0'.
13:27:24 INFO  : Context for processor 'ps7_cortexa9_0' is selected.
13:27:24 INFO  : The application 'C:/Disco1/RepositoriosGitHub/ProyectoMyS/Sistema_pwmModule_ip/Sintesis/sistema_pwmModule.sdk/pwm/Debug/pwm.elf' is downloaded to processor 'ps7_cortexa9_0'.
13:27:24 INFO  : 'configparams force-mem-access 0' command is executed.
13:27:24 INFO  : ----------------XSDB Script----------------
connect -url tcp:127.0.0.1:3121
source C:/Disco1/RepositoriosGitHub/ProyectoMyS/Sistema_pwmModule_ip/Sintesis/sistema_pwmModule.sdk/sistema_pwmModule_wrapper_hw_platform_0/ps7_init.tcl
targets -set -nocase -filter {name =~"APU*" && jtag_cable_name =~ "Digilent Arty Z7 003017B7EE4BA"} -index 0
loadhw -hw C:/Disco1/RepositoriosGitHub/ProyectoMyS/Sistema_pwmModule_ip/Sintesis/sistema_pwmModule.sdk/sistema_pwmModule_wrapper_hw_platform_0/system.hdf -mem-ranges [list {0x40000000 0xbfffffff}]
configparams force-mem-access 1
targets -set -nocase -filter {name =~"APU*" && jtag_cable_name =~ "Digilent Arty Z7 003017B7EE4BA"} -index 0
stop
ps7_init
ps7_post_config
targets -set -nocase -filter {name =~ "ARM*#0" && jtag_cable_name =~ "Digilent Arty Z7 003017B7EE4BA"} -index 0
rst -processor
targets -set -nocase -filter {name =~ "ARM*#0" && jtag_cable_name =~ "Digilent Arty Z7 003017B7EE4BA"} -index 0
dow C:/Disco1/RepositoriosGitHub/ProyectoMyS/Sistema_pwmModule_ip/Sintesis/sistema_pwmModule.sdk/pwm/Debug/pwm.elf
configparams force-mem-access 0
----------------End of Script----------------

13:27:24 INFO  : Context for processor 'ps7_cortexa9_0' is selected.
13:27:24 INFO  : 'con' command is executed.
13:27:24 INFO  : ----------------XSDB Script (After Launch)----------------
targets -set -nocase -filter {name =~ "ARM*#0" && jtag_cable_name =~ "Digilent Arty Z7 003017B7EE4BA"} -index 0
con
----------------End of Script----------------

13:27:24 INFO  : Disconnected from the channel tcfchan#3.
