#-----------------------------------------------------------
# Vivado v2018.1 (64-bit)
# SW Build 2188600 on Wed Apr  4 18:40:38 MDT 2018
# IP Build 2185939 on Wed Apr  4 20:55:05 MDT 2018
# Start of session at: Mon Oct  7 18:13:57 2024
# Process ID: 25120
# Current directory: C:/Disco1/RepositoriosGitHub/ProyectoMyS/Repositorio_IP/pwmModule_ip/managed_ip_project
# Command line: vivado.exe -gui_launcher_event rodinguilauncherevent24676 C:\Disco1\RepositoriosGitHub\ProyectoMyS\Repositorio_IP\pwmModule_ip\managed_ip_project\managed_ip_project.xpr
# Log file: C:/Disco1/RepositoriosGitHub/ProyectoMyS/Repositorio_IP/pwmModule_ip/managed_ip_project/vivado.log
# Journal file: C:/Disco1/RepositoriosGitHub/ProyectoMyS/Repositorio_IP/pwmModule_ip/managed_ip_project\vivado.jou
#-----------------------------------------------------------
start_gui
open_project C:/Disco1/RepositoriosGitHub/ProyectoMyS/Repositorio_IP/pwmModule_ip/managed_ip_project/managed_ip_project.xpr
INFO: [ProjectBase 1-489] The host OS only allows 260 characters in a normal path. The project is stored in a path with more than 80 characters. If you experience issues with IP, Block Designs, or files not being found, please consider moving the project to a location with a shorter path. Alternately consider using the OS subst command to map part of the path to a drive letter.
Current project path is 'C:/Disco1/RepositoriosGitHub/ProyectoMyS/Repositorio_IP/pwmModule_ip/managed_ip_project'
INFO: [Project 1-313] Project file moved from 'C:/Disco1/MyS/Repositorio_IP/pwmModule_ip/managed_ip_project' since last save.
Scanning sources...
Finished scanning sources
INFO: [IP_Flow 19-234] Refreshing IP repositories
INFO: [IP_Flow 19-1700] Loaded user IP repository 'c:/Disco1/RepositoriosGitHub/ProyectoMyS/Repositorio_IP/pwmModule_ip/ip_repo/pwmModule_ip_1.0'.
INFO: [IP_Flow 19-2313] Loaded Vivado IP repository 'C:/Xilinx/Vivado/2018.1/data/ip'.
ipx::edit_ip_in_project -upgrade true -name pwmModule_ip_v1_0_project -directory C:/Disco1/RepositoriosGitHub/ProyectoMyS/Repositorio_IP/pwmModule_ip/managed_ip_project/managed_ip_project.tmp/pwmModule_ip_v1_0_project c:/Disco1/RepositoriosGitHub/ProyectoMyS/Repositorio_IP/pwmModule_ip/ip_repo/pwmModule_ip_1.0/component.xml
INFO: [ProjectBase 1-489] The host OS only allows 260 characters in a normal path. The project is stored in a path with more than 80 characters. If you experience issues with IP, Block Designs, or files not being found, please consider moving the project to a location with a shorter path. Alternately consider using the OS subst command to map part of the path to a drive letter.
Current project path is 'c:/disco1/repositoriosgithub/proyectomys/repositorio_ip/pwmmodule_ip/managed_ip_project/managed_ip_project.tmp/pwmmodule_ip_v1_0_project'
INFO: [IP_Flow 19-234] Refreshing IP repositories
INFO: [IP_Flow 19-1704] No user IP repositories specified
INFO: [IP_Flow 19-2313] Loaded Vivado IP repository 'C:/Xilinx/Vivado/2018.1/data/ip'.
INFO: [IP_Flow 19-234] Refreshing IP repositories
INFO: [IP_Flow 19-1700] Loaded user IP repository 'c:/Disco1/RepositoriosGitHub/ProyectoMyS/Repositorio_IP/pwmModule_ip/ip_repo/pwmModule_ip_1.0'.
INFO: [IP_Flow 19-795] Syncing license key meta-data
update_compile_order -fileset sources_1
launch_runs synth_1 -jobs 8
[Mon Oct  7 18:18:45 2024] Launched synth_1...
Run output will be captured here: c:/disco1/repositoriosgithub/proyectomys/repositorio_ip/pwmmodule_ip/managed_ip_project/managed_ip_project.tmp/pwmmodule_ip_v1_0_project/pwmModule_ip_v1_0_project.runs/synth_1/runme.log
close_project
exit
INFO: [Common 17-206] Exiting Vivado at Mon Oct  7 18:19:23 2024...
